<?xml version="1.0" encoding="UTF-8"?>
<!-- Generated by org.testng.reporters.JUnitXMLReporter -->
<testsuite hostname="Viraj" ignored="0" name="ChromeTests" tests="1" failures="0" timestamp="2019-12-09T16:39:14 IST" time="9.006" errors="0">
  <testcase name="@BeforeTest beforeTest" time="8.923" classname="HonestFoodCompany.BasicTest.AbstractChromeWebDriverTest">
    <failure type="org.openqa.selenium.SessionNotCreatedException" message="session not created: This version of ChromeDriver only supports Chrome version 79
Build info: version: &amp;apos;3.13.0&amp;apos;, revision: &amp;apos;2f0d292&amp;apos;, time: &amp;apos;2018-06-25T15:24:21.231Z&amp;apos;
System info: host: &amp;apos;VIRAJ&amp;apos;, ip: &amp;apos;192.168.0.111&amp;apos;, os.name: &amp;apos;Windows 8.1&amp;apos;, os.arch: &amp;apos;amd64&amp;apos;, os.version: &amp;apos;6.3&amp;apos;, java.version: &amp;apos;1.8.0_231&amp;apos;
Driver info: driver.version: ChromeDriver
remote stacktrace: Backtrace:
	Ordinal0 [0x014CA113+1548563]
	Ordinal0 [0x0144DDA1+1039777]
	Ordinal0 [0x013CE485+517253]
	Ordinal0 [0x0135FD34+64820]
	Ordinal0 [0x0135C61E+50718]
	Ordinal0 [0x0137B797+178071]
	Ordinal0 [0x0137B59D+177565]
	Ordinal0 [0x013795FB+169467]
	Ordinal0 [0x0136160A+71178]
	Ordinal0 [0x01362690+75408]
	Ordinal0 [0x01362629+75305]
	Ordinal0 [0x014671B7+1143223]
	GetHandleVerifier [0x01562B46+507814]
	GetHandleVerifier [0x01562864+507076]
	GetHandleVerifier [0x01569F47+537511]
	GetHandleVerifier [0x01563402+510050]
	Ordinal0 [0x0145F29C+1110684]
	Ordinal0 [0x0146938B+1151883]
	Ordinal0 [0x014694F3+1152243]
	Ordinal0 [0x014683F5+1147893]
	BaseThreadInitThunk [0x77337C04+36]
	RtlInitializeExceptionChain [0x77A5B90F+143]
	RtlInitializeExceptionChain [0x77A5B8DA+90]
">
      <![CDATA[org.openqa.selenium.SessionNotCreatedException: session not created: This version of ChromeDriver only supports Chrome version 79
Build info: version: '3.13.0', revision: '2f0d292', time: '2018-06-25T15:24:21.231Z'
System info: host: 'VIRAJ', ip: '192.168.0.111', os.name: 'Windows 8.1', os.arch: 'amd64', os.version: '6.3', java.version: '1.8.0_231'
Driver info: driver.version: ChromeDriver
remote stacktrace: Backtrace:
Ordinal0 [0x014CA113+1548563]
Ordinal0 [0x0144DDA1+1039777]
Ordinal0 [0x013CE485+517253]
Ordinal0 [0x0135FD34+64820]
Ordinal0 [0x0135C61E+50718]
Ordinal0 [0x0137B797+178071]
Ordinal0 [0x0137B59D+177565]
Ordinal0 [0x013795FB+169467]
Ordinal0 [0x0136160A+71178]
Ordinal0 [0x01362690+75408]
Ordinal0 [0x01362629+75305]
Ordinal0 [0x014671B7+1143223]
GetHandleVerifier [0x01562B46+507814]
GetHandleVerifier [0x01562864+507076]
GetHandleVerifier [0x01569F47+537511]
GetHandleVerifier [0x01563402+510050]
Ordinal0 [0x0145F29C+1110684]
Ordinal0 [0x0146938B+1151883]
Ordinal0 [0x014694F3+1152243]
Ordinal0 [0x014683F5+1147893]
BaseThreadInitThunk [0x77337C04+36]
RtlInitializeExceptionChain [0x77A5B90F+143]
RtlInitializeExceptionChain [0x77A5B8DA+90]

at org.openqa.selenium.remote.W3CHandshakeResponse.lambda$new$0(W3CHandshakeResponse.java:57)
at org.openqa.selenium.remote.W3CHandshakeResponse.lambda$getResponseFunction$2(W3CHandshakeResponse.java:104)
at org.openqa.selenium.remote.ProtocolHandshake.lambda$createSession$0(ProtocolHandshake.java:123)
at java.util.stream.ReferencePipeline$3$1.accept(ReferencePipeline.java:193)
at java.util.Spliterators$ArraySpliterator.tryAdvance(Spliterators.java:958)
at java.util.stream.ReferencePipeline.forEachWithCancel(ReferencePipeline.java:126)
at java.util.stream.AbstractPipeline.copyIntoWithCancel(AbstractPipeline.java:499)
at java.util.stream.AbstractPipeline.copyInto(AbstractPipeline.java:486)
at java.util.stream.AbstractPipeline.wrapAndCopyInto(AbstractPipeline.java:472)
at java.util.stream.FindOps$FindOp.evaluateSequential(FindOps.java:152)
at java.util.stream.AbstractPipeline.evaluate(AbstractPipeline.java:234)
at java.util.stream.ReferencePipeline.findFirst(ReferencePipeline.java:464)
at org.openqa.selenium.remote.ProtocolHandshake.createSession(ProtocolHandshake.java:126)
at org.openqa.selenium.remote.ProtocolHandshake.createSession(ProtocolHandshake.java:73)
at org.openqa.selenium.remote.HttpCommandExecutor.execute(HttpCommandExecutor.java:136)
at org.openqa.selenium.remote.service.DriverCommandExecutor.execute(DriverCommandExecutor.java:83)
at org.openqa.selenium.remote.RemoteWebDriver.execute(RemoteWebDriver.java:548)
at org.openqa.selenium.remote.RemoteWebDriver.startSession(RemoteWebDriver.java:212)
at org.openqa.selenium.remote.RemoteWebDriver.<init>(RemoteWebDriver.java:130)
at org.openqa.selenium.chrome.ChromeDriver.<init>(ChromeDriver.java:181)
at org.openqa.selenium.chrome.ChromeDriver.<init>(ChromeDriver.java:168)
at org.openqa.selenium.chrome.ChromeDriver.<init>(ChromeDriver.java:123)
at HonestFoodCompany.BasicTest.AbstractChromeWebDriverTest.beforeTest(AbstractChromeWebDriverTest.java:25)
... Removed 28 stack frames]]>
    </failure>
  </testcase> <!-- @BeforeTest beforeTest -->
  <testcase name="f" time="0.0" classname="HonestFoodCompany.BasicTest.NewTest">
    <skipped/>
  </testcase> <!-- f -->
</testsuite> <!-- ChromeTests -->
